<?xml version="1.0" encoding="UTF-8"?>
<coverage generated="1630949553843" clover="3.2.0">
  <project timestamp="1630949553843" name="All files">
    <metrics statements="17" coveredstatements="13" conditionals="4" coveredconditionals="2" methods="6" coveredmethods="3" elements="27" coveredelements="18" complexity="0" loc="17" ncloc="17" packages="1" files="1" classes="1"/>
    <file name="gState.ts" path="C:\code\mylab\node_demo\cs.framework_client\csViteReact\src\lib\gState.ts">
      <metrics statements="17" coveredstatements="13" conditionals="4" coveredconditionals="2" methods="6" coveredmethods="3"/>
      <line num="1" count="1" type="stmt"/>
      <line num="3" count="1" type="stmt"/>
      <line num="7" count="1" type="stmt"/>
      <line num="8" count="1" type="stmt"/>
      <line num="10" count="1" type="cond" truecount="1" falsecount="1"/>
      <line num="11" count="1" type="stmt"/>
      <line num="14" count="1" type="stmt"/>
      <line num="15" count="1" type="cond" truecount="1" falsecount="1"/>
      <line num="16" count="1" type="stmt"/>
      <line num="18" count="2" type="stmt"/>
      <line num="21" count="0" type="stmt"/>
      <line num="22" count="0" type="stmt"/>
      <line num="23" count="0" type="stmt"/>
      <line num="30" count="1" type="stmt"/>
      <line num="31" count="1" type="stmt"/>
      <line num="32" count="1" type="stmt"/>
      <line num="33" count="0" type="stmt"/>
    </file>
  </project>
</coverage>
